============================================================
  Generated by:           Genus(TM) Synthesis Solution 22.17-s071_1
  Generated on:           May 05 2026  12:02:54 pm
  Module:                 risc_cpu
  Technology libraries:   CDK_R512x16 0.0
                          CDK_S128x16 0.0
                          CDK_S256x16 0.0
                          fast 
                          pll 0.0
                          slow 
                          slow_1v0 
                          typical 
                          physical_cells 
  Operating conditions:   slow 
  Interconnect mode:      global
  Area mode:              physical library
============================================================

Timing
--------

Clock Period 
-------------
clk   1000.0 


  Cost    Critical         Violating 
 Group   Path Slack  TNS     Paths   
-------------------------------------
clk            78.0   0.0          0 
default    No paths   0.0            
-------------------------------------
Total                 0.0          0 

Instance Count
--------------
Leaf Instance Count             27 
Physical Instance count          0 
Sequential Instance Count        7 
Combinational Instance Count    20 
Hierarchical Instance Count      1 

Area
----
Cell Area                          78.660
Physical Cell Area                 0.000
Total Cell Area (Cell+Physical)    78.660
Net Area                           35.237
Total Area (Cell+Physical+Net)     113.897

Max Fanout                         19 (debug_pc[7])
Min Fanout                         0 (data_e)
Average Fanout                     2.4
Terms to net ratio                 2.4103
Terms to instance ratio            3.4815
Runtime                            37.354428 seconds
Elapsed Runtime                    56 seconds
Genus peak memory usage            1911.66 
Innovus peak memory usage          no_value 
Hostname                           vlsiktmt.tailff29c4.ts.net
