============================================================
  Generated by:           Genus(TM) Synthesis Solution 22.17-s071_1
  Generated on:           May 05 2026  12:02:54 pm
  Module:                 risc_cpu
  Operating conditions:   slow 
  Interconnect mode:      global
  Area mode:              physical library
============================================================


Path 1: MET (78 ps) Setup Check with Pin pc_count_reg[4]/CK->D
          Group: clk
     Startpoint: (F) rst
          Clock: (R) clk
       Endpoint: (R) pc_count_reg[4]/D
          Clock: (R) clk

                     Capture       Launch     
        Clock Edge:+    1000            0     
        Drv Adjust:+       0            0     
       Src Latency:+       0            0     
       Net Latency:+       0 (I)        0 (I) 
           Arrival:=    1000            0     
                                              
             Setup:-      35                  
     Required Time:=     965                  
      Launch Clock:-       0                  
       Input Delay:-     500                  
         Data Path:-     387                  
             Slack:=      78                  

Exceptions/Constraints:
  input_delay             500             risc_cpu.sdc_line_6 

#-------------------------------------------------------------------------------------------
#   Timing Point    Flags    Arc   Edge   Cell     Fanout Load Trans Delay Arrival Instance 
#                                                         (fF)  (ps)  (ps)   (ps)  Location 
#-------------------------------------------------------------------------------------------
  rst               -       -      F     (arrival)      4 12.7     0     0     500    (-,-) 
  g1518__7098/Y     -       B->Y   R     NOR2BX1        6 17.2   217   103     603    (-,-) 
  g1522/Y           -       A->Y   F     INVX1          1  4.8    79    62     665    (-,-) 
  g1503__2802/Y     -       A1->Y  R     OAI21X1        2  7.0   106    69     734    (-,-) 
  g1500__6783/Y     -       B0->Y  R     AO21X1         2  6.9    56    58     792    (-,-) 
  g1498__5526/Y     -       B0->Y  R     AO21X1         1  4.5    41    43     835    (-,-) 
  g1496__8428/Y     -       A1N->Y R     OAI2BB1X1      1  4.7    63    52     887    (-,-) 
  pc_count_reg[4]/D <<<     -      R     DFFHQX1        1    -     -     0     887    (-,-) 
#-------------------------------------------------------------------------------------------

